Сборка начата 14.11.2022 9:58:53.
Уровень детализации журнала: Normal.     1>Проект "C:\Users\user\Desktop\лабы по ОАИП\laba10oaip\var14\var14.vcxproj" в узле 2 (целевые объекты Build).
     1>InitializeBuildStatus:
         Создание "Debug\var14.tlog\unsuccessfulbuild", так как было задано "AlwaysCreate".
       ClCompile:
         C:\Program Files (x86)\Microsoft Visual Studio\2019\Community\VC\Tools\MSVC\14.29.30133\bin\HostX86\x86\CL.exe /c /ZI /JMC /nologo /W3 /WX- /diagnostics:column /sdl /Od /Oy- /D WIN32 /D _DEBUG /D _CONSOLE /D _UNICODE /D UNICODE /Gm- /EHsc /RTC1 /MDd /GS /fp:precise /permissive- /Zc:wchar_t /Zc:forScope /Zc:inline /Fo"Debug\\" /Fd"Debug\vc142.pdb" /external:W3 /Gd /TP /analyze- /FC /errorReport:prompt var14.1.cpp
         var14.1.cpp
     1>C:\Users\user\Desktop\лабы по ОАИП\laba10oaip\var14\var14.1.cpp(4,1): warning C4326: возвращаемый тип "main" должен быть "int", а не "void"
       Link:
         C:\Program Files (x86)\Microsoft Visual Studio\2019\Community\VC\Tools\MSVC\14.29.30133\bin\HostX86\x86\link.exe /ERRORREPORT:PROMPT /OUT:"C:\Users\user\Desktop\лабы по ОАИП\laba10oaip\Debug\var14.exe" /INCREMENTAL /ILK:"Debug\var14.ilk" /NOLOGO kernel32.lib user32.lib gdi32.lib winspool.lib comdlg32.lib advapi32.lib shell32.lib ole32.lib oleaut32.lib uuid.lib odbc32.lib odbccp32.lib /MANIFEST /MANIFESTUAC:"level='asInvoker' uiAccess='false'" /manifest:embed /DEBUG /PDB:"C:\Users\user\Desktop\лабы по ОАИП\laba10oaip\Debug\var14.pdb" /SUBSYSTEM:CONSOLE /TLBID:1 /DYNAMICBASE /NXCOMPAT /IMPLIB:"C:\Users\user\Desktop\лабы по ОАИП\laba10oaip\Debug\var14.lib" /MACHINE:X86 Debug\var14.1.obj
         var14.vcxproj -> C:\Users\user\Desktop\лабы по ОАИП\laba10oaip\Debug\var14.exe
       FinalizeBuildStatus:
         Файл "Debug\var14.tlog\unsuccessfulbuild" удаляется.
         Обращение к "Debug\var14.tlog\var14.lastbuildstate".
     1>Сборка проекта "C:\Users\user\Desktop\лабы по ОАИП\laba10oaip\var14\var14.vcxproj" завершена (целевые объекты Build).

Сборка успешно завершена.

       "C:\Users\user\Desktop\лабы по ОАИП\laba10oaip\var14\var14.vcxproj" (целевой объект Build ) (1) ->
       (Целевой объект ClCompile) -> 
         C:\Users\user\Desktop\лабы по ОАИП\laba10oaip\var14\var14.1.cpp(4,1): warning C4326: возвращаемый тип "main" должен быть "int", а не "void"

    Предупреждений: 1
    Ошибок: 0

Прошло времени 00:00:00.64
