Сборка начата 29.12.2022 4:08:25.
Уровень детализации журнала: Normal.     1>Проект "C:\Users\user\Desktop\LABS_OAIP\laba16oaip\laba16oaip\laba16oaip.vcxproj" в узле 2 (целевые объекты Build).
     1>InitializeBuildStatus:
         Создание "Debug\laba16oaip.tlog\unsuccessfulbuild", так как было задано "AlwaysCreate".
       ClCompile:
         C:\Program Files (x86)\Microsoft Visual Studio\2019\Community\VC\Tools\MSVC\14.29.30133\bin\HostX86\x86\CL.exe /c /ZI /JMC /nologo /W3 /WX- /diagnostics:column /sdl /Od /Oy- /D WIN32 /D _DEBUG /D _CONSOLE /D _UNICODE /D UNICODE /Gm- /EHsc /RTC1 /MDd /GS /fp:precise /permissive- /Zc:wchar_t /Zc:forScope /Zc:inline /Fo"Debug\\" /Fd"Debug\vc142.pdb" /external:W3 /Gd /TP /analyze- /FC /errorReport:prompt var2.cpp
         var2.cpp
     1>C:\Users\user\Desktop\LABS_OAIP\laba16oaip\laba16oaip\var2.cpp(7,23): warning C4101: element: неиспользованная локальная переменная
     1>C:\Users\user\Desktop\LABS_OAIP\laba16oaip\laba16oaip\var2.cpp(7,32): warning C4101: index: неиспользованная локальная переменная
       Link:
         C:\Program Files (x86)\Microsoft Visual Studio\2019\Community\VC\Tools\MSVC\14.29.30133\bin\HostX86\x86\link.exe /ERRORREPORT:PROMPT /OUT:"C:\Users\user\Desktop\LABS_OAIP\laba16oaip\Debug\laba16oaip.exe" /INCREMENTAL /ILK:"Debug\laba16oaip.ilk" /NOLOGO kernel32.lib user32.lib gdi32.lib winspool.lib comdlg32.lib advapi32.lib shell32.lib ole32.lib oleaut32.lib uuid.lib odbc32.lib odbccp32.lib /MANIFEST /MANIFESTUAC:"level='asInvoker' uiAccess='false'" /manifest:embed /DEBUG /PDB:"C:\Users\user\Desktop\LABS_OAIP\laba16oaip\Debug\laba16oaip.pdb" /SUBSYSTEM:CONSOLE /TLBID:1 /DYNAMICBASE /NXCOMPAT /IMPLIB:"C:\Users\user\Desktop\LABS_OAIP\laba16oaip\Debug\laba16oaip.lib" /MACHINE:X86 Debug\var2.obj
         laba16oaip.vcxproj -> C:\Users\user\Desktop\LABS_OAIP\laba16oaip\Debug\laba16oaip.exe
       FinalizeBuildStatus:
         Файл "Debug\laba16oaip.tlog\unsuccessfulbuild" удаляется.
         Обращение к "Debug\laba16oaip.tlog\laba16oaip.lastbuildstate".
     1>Сборка проекта "C:\Users\user\Desktop\LABS_OAIP\laba16oaip\laba16oaip\laba16oaip.vcxproj" завершена (целевые объекты Build).

Сборка успешно завершена.

       "C:\Users\user\Desktop\LABS_OAIP\laba16oaip\laba16oaip\laba16oaip.vcxproj" (целевой объект Build ) (1) ->
       (Целевой объект ClCompile) -> 
         C:\Users\user\Desktop\LABS_OAIP\laba16oaip\laba16oaip\var2.cpp(7,23): warning C4101: element: неиспользованная локальная переменная
         C:\Users\user\Desktop\LABS_OAIP\laba16oaip\laba16oaip\var2.cpp(7,32): warning C4101: index: неиспользованная локальная переменная

    Предупреждений: 2
    Ошибок: 0

Прошло времени 00:00:00.62
