Сборка начата 10.10.2022 14:39:55.
Уровень детализации журнала: Normal.     1>Проект "C:\Users\user\Desktop\лабы по ОАИП\laba5oaip\dop1\dop1.vcxproj" в узле 2 (целевые объекты Build).
     1>InitializeBuildStatus:
         Создание "Debug\dop1.tlog\unsuccessfulbuild", так как было задано "AlwaysCreate".
       ClCompile:
         C:\Program Files (x86)\Microsoft Visual Studio\2019\Community\VC\Tools\MSVC\14.29.30133\bin\HostX86\x86\CL.exe /c /ZI /JMC /nologo /W3 /WX- /diagnostics:column /sdl /Od /Oy- /D WIN32 /D _DEBUG /D _CONSOLE /D _UNICODE /D UNICODE /Gm- /EHsc /RTC1 /MDd /GS /fp:precise /permissive- /Zc:wchar_t /Zc:forScope /Zc:inline /Fo"Debug\\" /Fd"Debug\vc142.pdb" /external:W3 /Gd /TP /analyze- /FC /errorReport:prompt dop1.cpp
         dop1.cpp
     1>C:\Users\user\Desktop\лабы по ОАИП\laba5oaip\dop1\dop1.cpp(4,1): warning C4326: возвращаемый тип "main" должен быть "int", а не "void"
     1>C:\Users\user\Desktop\лабы по ОАИП\laba5oaip\dop1\dop1.cpp(6,16): warning C4101: v: неиспользованная локальная переменная
       Link:
         C:\Program Files (x86)\Microsoft Visual Studio\2019\Community\VC\Tools\MSVC\14.29.30133\bin\HostX86\x86\link.exe /ERRORREPORT:PROMPT /OUT:"C:\Users\user\Desktop\лабы по ОАИП\laba5oaip\Debug\dop1.exe" /INCREMENTAL /ILK:"Debug\dop1.ilk" /NOLOGO kernel32.lib user32.lib gdi32.lib winspool.lib comdlg32.lib advapi32.lib shell32.lib ole32.lib oleaut32.lib uuid.lib odbc32.lib odbccp32.lib /MANIFEST /MANIFESTUAC:"level='asInvoker' uiAccess='false'" /manifest:embed /DEBUG /PDB:"C:\Users\user\Desktop\лабы по ОАИП\laba5oaip\Debug\dop1.pdb" /SUBSYSTEM:CONSOLE /TLBID:1 /DYNAMICBASE /NXCOMPAT /IMPLIB:"C:\Users\user\Desktop\лабы по ОАИП\laba5oaip\Debug\dop1.lib" /MACHINE:X86 Debug\dop1.obj
         dop1.vcxproj -> C:\Users\user\Desktop\лабы по ОАИП\laba5oaip\Debug\dop1.exe
       FinalizeBuildStatus:
         Файл "Debug\dop1.tlog\unsuccessfulbuild" удаляется.
         Обращение к "Debug\dop1.tlog\dop1.lastbuildstate".
     1>Сборка проекта "C:\Users\user\Desktop\лабы по ОАИП\laba5oaip\dop1\dop1.vcxproj" завершена (целевые объекты Build).

Сборка успешно завершена.

       "C:\Users\user\Desktop\лабы по ОАИП\laba5oaip\dop1\dop1.vcxproj" (целевой объект Build ) (1) ->
       (Целевой объект ClCompile) -> 
         C:\Users\user\Desktop\лабы по ОАИП\laba5oaip\dop1\dop1.cpp(4,1): warning C4326: возвращаемый тип "main" должен быть "int", а не "void"
         C:\Users\user\Desktop\лабы по ОАИП\laba5oaip\dop1\dop1.cpp(6,16): warning C4101: v: неиспользованная локальная переменная

    Предупреждений: 2
    Ошибок: 0

Прошло времени 00:00:00.73
