Сборка начата 12.12.2022 15:04:59.
Уровень детализации журнала: Normal.     1>Проект "C:\Users\user\Desktop\LABS_OAIP\laba14oaip\var5\var5.vcxproj" в узле 2 (целевые объекты Build).
     1>InitializeBuildStatus:
         Создание "Debug\var5.tlog\unsuccessfulbuild", так как было задано "AlwaysCreate".
       ClCompile:
         C:\Program Files (x86)\Microsoft Visual Studio\2019\Community\VC\Tools\MSVC\14.29.30133\bin\HostX86\x86\CL.exe /c /ZI /JMC /nologo /W3 /WX- /diagnostics:column /sdl /Od /Oy- /D WIN32 /D _DEBUG /D _CONSOLE /D _UNICODE /D UNICODE /Gm- /EHsc /RTC1 /MDd /GS /fp:precise /permissive- /Zc:wchar_t /Zc:forScope /Zc:inline /Fo"Debug\\" /Fd"Debug\vc142.pdb" /external:W3 /Gd /TP /analyze- /FC /errorReport:prompt var5.cpp
         var5.cpp
     1>C:\Users\user\Desktop\LABS_OAIP\laba14oaip\var5\var5.cpp(17,49): warning C4474: "printf" : для строки формата передано слишком много аргументов
       C:\Users\user\Desktop\LABS_OAIP\laba14oaip\var5\var5.cpp(17,49): message : заполнители и их параметры ожидают переменное число аргументов в количестве 0, но было предоставлено 1
     1>C:\Users\user\Desktop\LABS_OAIP\laba14oaip\var5\var5.cpp(62,12): warning C4244: аргумент: преобразование "time_t" в "unsigned int", возможна потеря данных
     1>C:\Users\user\Desktop\LABS_OAIP\laba14oaip\var5\var5.cpp(115,13): warning C4326: возвращаемый тип "main" должен быть "int", а не "void"
       Link:
         C:\Program Files (x86)\Microsoft Visual Studio\2019\Community\VC\Tools\MSVC\14.29.30133\bin\HostX86\x86\link.exe /ERRORREPORT:PROMPT /OUT:"C:\Users\user\Desktop\LABS_OAIP\laba14oaip\Debug\var5.exe" /INCREMENTAL /ILK:"Debug\var5.ilk" /NOLOGO kernel32.lib user32.lib gdi32.lib winspool.lib comdlg32.lib advapi32.lib shell32.lib ole32.lib oleaut32.lib uuid.lib odbc32.lib odbccp32.lib /MANIFEST /MANIFESTUAC:"level='asInvoker' uiAccess='false'" /manifest:embed /DEBUG /PDB:"C:\Users\user\Desktop\LABS_OAIP\laba14oaip\Debug\var5.pdb" /SUBSYSTEM:CONSOLE /TLBID:1 /DYNAMICBASE /NXCOMPAT /IMPLIB:"C:\Users\user\Desktop\LABS_OAIP\laba14oaip\Debug\var5.lib" /MACHINE:X86 Debug\var5.obj
         var5.vcxproj -> C:\Users\user\Desktop\LABS_OAIP\laba14oaip\Debug\var5.exe
       FinalizeBuildStatus:
         Файл "Debug\var5.tlog\unsuccessfulbuild" удаляется.
         Обращение к "Debug\var5.tlog\var5.lastbuildstate".
     1>Сборка проекта "C:\Users\user\Desktop\LABS_OAIP\laba14oaip\var5\var5.vcxproj" завершена (целевые объекты Build).

Сборка успешно завершена.

       "C:\Users\user\Desktop\LABS_OAIP\laba14oaip\var5\var5.vcxproj" (целевой объект Build ) (1) ->
       (Целевой объект ClCompile) -> 
         C:\Users\user\Desktop\LABS_OAIP\laba14oaip\var5\var5.cpp(17,49): warning C4474: "printf" : для строки формата передано слишком много аргументов
         C:\Users\user\Desktop\LABS_OAIP\laba14oaip\var5\var5.cpp(62,12): warning C4244: аргумент: преобразование "time_t" в "unsigned int", возможна потеря данных
         C:\Users\user\Desktop\LABS_OAIP\laba14oaip\var5\var5.cpp(115,13): warning C4326: возвращаемый тип "main" должен быть "int", а не "void"

    Предупреждений: 3
    Ошибок: 0

Прошло времени 00:00:00.93
