Сборка начата 05.12.2022 16:14:37.
Уровень детализации журнала: Normal.     1>Проект "C:\Users\user\Desktop\LABS_OAIP\laba13oaip\laba13oaip\laba13oaip.vcxproj" в узле 2 (целевые объекты Build).
     1>InitializeBuildStatus:
         Создание "Debug\laba13oaip.tlog\unsuccessfulbuild", так как было задано "AlwaysCreate".
       ClCompile:
         C:\Program Files (x86)\Microsoft Visual Studio\2019\Community\VC\Tools\MSVC\14.29.30133\bin\HostX86\x86\CL.exe /c /ZI /JMC /nologo /W3 /WX- /diagnostics:column /sdl /Od /Oy- /D WIN32 /D _DEBUG /D _CONSOLE /D _UNICODE /D UNICODE /Gm- /EHsc /RTC1 /MDd /GS /fp:precise /permissive- /Zc:wchar_t /Zc:forScope /Zc:inline /Fo"Debug\\" /Fd"Debug\vc142.pdb" /external:W3 /Gd /TP /analyze- /FC /errorReport:prompt var2.1.cpp
         var2.1.cpp
     1>C:\Users\user\Desktop\LABS_OAIP\laba13oaip\laba13oaip\var2.1.cpp(44,12): warning C4244: аргумент: преобразование "time_t" в "unsigned int", возможна потеря данных
     1>C:\Users\user\Desktop\LABS_OAIP\laba13oaip\laba13oaip\var2.1.cpp(72,1): warning C4326: возвращаемый тип "main" должен быть "int", а не "void"
       Link:
         C:\Program Files (x86)\Microsoft Visual Studio\2019\Community\VC\Tools\MSVC\14.29.30133\bin\HostX86\x86\link.exe /ERRORREPORT:PROMPT /OUT:"C:\Users\user\Desktop\LABS_OAIP\laba13oaip\Debug\laba13oaip.exe" /INCREMENTAL /ILK:"Debug\laba13oaip.ilk" /NOLOGO kernel32.lib user32.lib gdi32.lib winspool.lib comdlg32.lib advapi32.lib shell32.lib ole32.lib oleaut32.lib uuid.lib odbc32.lib odbccp32.lib /MANIFEST /MANIFESTUAC:"level='asInvoker' uiAccess='false'" /manifest:embed /DEBUG /PDB:"C:\Users\user\Desktop\LABS_OAIP\laba13oaip\Debug\laba13oaip.pdb" /SUBSYSTEM:CONSOLE /TLBID:1 /DYNAMICBASE /NXCOMPAT /IMPLIB:"C:\Users\user\Desktop\LABS_OAIP\laba13oaip\Debug\laba13oaip.lib" /MACHINE:X86 Debug\var2.1.obj
         laba13oaip.vcxproj -> C:\Users\user\Desktop\LABS_OAIP\laba13oaip\Debug\laba13oaip.exe
       FinalizeBuildStatus:
         Файл "Debug\laba13oaip.tlog\unsuccessfulbuild" удаляется.
         Обращение к "Debug\laba13oaip.tlog\laba13oaip.lastbuildstate".
     1>Сборка проекта "C:\Users\user\Desktop\LABS_OAIP\laba13oaip\laba13oaip\laba13oaip.vcxproj" завершена (целевые объекты Build).

Сборка успешно завершена.

       "C:\Users\user\Desktop\LABS_OAIP\laba13oaip\laba13oaip\laba13oaip.vcxproj" (целевой объект Build ) (1) ->
       (Целевой объект ClCompile) -> 
         C:\Users\user\Desktop\LABS_OAIP\laba13oaip\laba13oaip\var2.1.cpp(44,12): warning C4244: аргумент: преобразование "time_t" в "unsigned int", возможна потеря данных
         C:\Users\user\Desktop\LABS_OAIP\laba13oaip\laba13oaip\var2.1.cpp(72,1): warning C4326: возвращаемый тип "main" должен быть "int", а не "void"

    Предупреждений: 2
    Ошибок: 0

Прошло времени 00:00:00.68
