Сборка начата 18.12.2022 18:41:47.
Уровень детализации журнала: Normal.     1>Проект "C:\Users\user\Desktop\LABS_OAIP\laba15oaip\dop\dop.vcxproj" в узле 2 (целевые объекты Build).
     1>InitializeBuildStatus:
         Обращение к "Debug\dop.tlog\unsuccessfulbuild".
       ClCompile:
         C:\Program Files (x86)\Microsoft Visual Studio\2019\Community\VC\Tools\MSVC\14.29.30133\bin\HostX86\x86\CL.exe /c /ZI /JMC /nologo /W3 /WX- /diagnostics:column /sdl /Od /Oy- /D WIN32 /D _DEBUG /D _CONSOLE /D _UNICODE /D UNICODE /Gm- /EHsc /RTC1 /MDd /GS /fp:precise /permissive- /Zc:wchar_t /Zc:forScope /Zc:inline /Fo"Debug\\" /Fd"Debug\vc142.pdb" /external:W3 /Gd /TP /analyze- /FC /errorReport:prompt dop.cpp
         dop.cpp
       Link:
         C:\Program Files (x86)\Microsoft Visual Studio\2019\Community\VC\Tools\MSVC\14.29.30133\bin\HostX86\x86\link.exe /ERRORREPORT:PROMPT /OUT:"C:\Users\user\Desktop\LABS_OAIP\laba15oaip\Debug\dop.exe" /INCREMENTAL /ILK:"Debug\dop.ilk" /NOLOGO kernel32.lib user32.lib gdi32.lib winspool.lib comdlg32.lib advapi32.lib shell32.lib ole32.lib oleaut32.lib uuid.lib odbc32.lib odbccp32.lib /MANIFEST /MANIFESTUAC:"level='asInvoker' uiAccess='false'" /manifest:embed /DEBUG /PDB:"C:\Users\user\Desktop\LABS_OAIP\laba15oaip\Debug\dop.pdb" /SUBSYSTEM:CONSOLE /TLBID:1 /DYNAMICBASE /NXCOMPAT /IMPLIB:"C:\Users\user\Desktop\LABS_OAIP\laba15oaip\Debug\dop.lib" /MACHINE:X86 Debug\dop.obj
     1>dop.obj : error LNK2019: ссылка на неразрешенный внешний символ "int __cdecl var4_1(int * *,int &)" (?var4_1@@YAHPAPAHAAH@Z) в функции _main.
     1>dop.obj : error LNK2019: ссылка на неразрешенный внешний символ "int __cdecl var4_2(char *)" (?var4_2@@YAHPAD@Z) в функции _main.
     1>dop.obj : error LNK2019: ссылка на неразрешенный внешний символ "void __cdecl var7_1(int * *,int &,int &,int &)" (?var7_1@@YAXPAPAHAAH11@Z) в функции _main.
     1>dop.obj : error LNK2019: ссылка на неразрешенный внешний символ "void __cdecl var7_2(char *)" (?var7_2@@YAXPAD@Z) в функции _main.
     1>C:\Users\user\Desktop\LABS_OAIP\laba15oaip\Debug\dop.exe : fatal error LNK1120: неразрешенных внешних элементов: 4
     1>Сборка проекта "C:\Users\user\Desktop\LABS_OAIP\laba15oaip\dop\dop.vcxproj" завершена (целевые объекты Build) с ошибкой.

Ошибка сборки.

       "C:\Users\user\Desktop\LABS_OAIP\laba15oaip\dop\dop.vcxproj" (целевой объект Build ) (1) ->
       (Целевой объект Link) -> 
         dop.obj : error LNK2019: ссылка на неразрешенный внешний символ "int __cdecl var4_1(int * *,int &)" (?var4_1@@YAHPAPAHAAH@Z) в функции _main.
         dop.obj : error LNK2019: ссылка на неразрешенный внешний символ "int __cdecl var4_2(char *)" (?var4_2@@YAHPAD@Z) в функции _main.
         dop.obj : error LNK2019: ссылка на неразрешенный внешний символ "void __cdecl var7_1(int * *,int &,int &,int &)" (?var7_1@@YAXPAPAHAAH11@Z) в функции _main.
         dop.obj : error LNK2019: ссылка на неразрешенный внешний символ "void __cdecl var7_2(char *)" (?var7_2@@YAXPAD@Z) в функции _main.
         C:\Users\user\Desktop\LABS_OAIP\laba15oaip\Debug\dop.exe : fatal error LNK1120: неразрешенных внешних элементов: 4

    Предупреждений: 0
    Ошибок: 5

Прошло времени 00:00:00.89
