Сборка начата 20.10.2022 1:55:59.
Уровень детализации журнала: Normal.     1>Проект "C:\Users\user\Desktop\лабы по ОАИП\laba7oaip\lab7.3\lab7.3.vcxproj" в узле 2 (целевые объекты Build).
     1>InitializeBuildStatus:
         Создание "Debug\lab7.3.tlog\unsuccessfulbuild", так как было задано "AlwaysCreate".
       ClCompile:
         C:\Program Files (x86)\Microsoft Visual Studio\2019\Community\VC\Tools\MSVC\14.29.30133\bin\HostX86\x86\CL.exe /c /ZI /JMC /nologo /W3 /WX- /diagnostics:column /sdl /Od /Oy- /D WIN32 /D _DEBUG /D _CONSOLE /D _UNICODE /D UNICODE /Gm- /EHsc /RTC1 /MDd /GS /fp:precise /permissive- /Zc:wchar_t /Zc:forScope /Zc:inline /Fo"Debug\\" /Fd"Debug\vc142.pdb" /external:W3 /Gd /TP /analyze- /FC /errorReport:prompt lab7.3.cpp
         lab7.3.cpp
     1>C:\Users\user\Desktop\лабы по ОАИП\laba7oaip\lab7.3\lab7.3.cpp(3,1): warning C4326: возвращаемый тип "main" должен быть "int", а не "void"
     1>C:\Users\user\Desktop\лабы по ОАИП\laba7oaip\lab7.3\lab7.3.cpp(19,14): warning C4244: =: преобразование "double" в "int", возможна потеря данных
       Link:
         C:\Program Files (x86)\Microsoft Visual Studio\2019\Community\VC\Tools\MSVC\14.29.30133\bin\HostX86\x86\link.exe /ERRORREPORT:PROMPT /OUT:"C:\Users\user\Desktop\лабы по ОАИП\laba7oaip\Debug\lab7.3.exe" /INCREMENTAL /ILK:"Debug\lab7.3.ilk" /NOLOGO kernel32.lib user32.lib gdi32.lib winspool.lib comdlg32.lib advapi32.lib shell32.lib ole32.lib oleaut32.lib uuid.lib odbc32.lib odbccp32.lib /MANIFEST /MANIFESTUAC:"level='asInvoker' uiAccess='false'" /manifest:embed /DEBUG /PDB:"C:\Users\user\Desktop\лабы по ОАИП\laba7oaip\Debug\lab7.3.pdb" /SUBSYSTEM:CONSOLE /TLBID:1 /DYNAMICBASE /NXCOMPAT /IMPLIB:"C:\Users\user\Desktop\лабы по ОАИП\laba7oaip\Debug\lab7.3.lib" /MACHINE:X86 Debug\lab7.3.obj
         lab7.3.vcxproj -> C:\Users\user\Desktop\лабы по ОАИП\laba7oaip\Debug\lab7.3.exe
       FinalizeBuildStatus:
         Файл "Debug\lab7.3.tlog\unsuccessfulbuild" удаляется.
         Обращение к "Debug\lab7.3.tlog\lab7.3.lastbuildstate".
     1>Сборка проекта "C:\Users\user\Desktop\лабы по ОАИП\laba7oaip\lab7.3\lab7.3.vcxproj" завершена (целевые объекты Build).

Сборка успешно завершена.

       "C:\Users\user\Desktop\лабы по ОАИП\laba7oaip\lab7.3\lab7.3.vcxproj" (целевой объект Build ) (1) ->
       (Целевой объект ClCompile) -> 
         C:\Users\user\Desktop\лабы по ОАИП\laba7oaip\lab7.3\lab7.3.cpp(3,1): warning C4326: возвращаемый тип "main" должен быть "int", а не "void"
         C:\Users\user\Desktop\лабы по ОАИП\laba7oaip\lab7.3\lab7.3.cpp(19,14): warning C4244: =: преобразование "double" в "int", возможна потеря данных

    Предупреждений: 2
    Ошибок: 0

Прошло времени 00:00:00.62
